<?xml version="1.0" encoding="UTF-8"?>
<!-- Generated by org.testng.reporters.JUnitReportReporter -->
<testsuite hostname="user" failures="0" tests="2" name="test.BuyProduct" time="4.395" errors="0" timestamp="2020-06-01T16:53:55 IST" skipped="0">
  <testcase classname="test.BuyProduct" name="login" time="0.721"/>
  <system-out/>
  <testcase classname="test.BuyProduct" name="enterItem" time="3.674"/>
  <system-out/>
</testsuite> <!-- test.BuyProduct -->
